  [1m[36m (1.4ms)[0m  [1mCREATE TABLE "schema_migrations" ("version" varchar(255) NOT NULL) [0m
  [1m[35m (0.8ms)[0m  CREATE UNIQUE INDEX "unique_schema_migrations" ON "schema_migrations" ("version")
  [1m[36mActiveRecord::SchemaMigration Load (0.1ms)[0m  [1mSELECT "schema_migrations".* FROM "schema_migrations"[0m
  [1m[36mActiveRecord::SchemaMigration Load (0.1ms)[0m  [1mSELECT "schema_migrations".* FROM "schema_migrations"[0m
Migrating to CreateSubjects (20161116204433)
  [1m[35m (0.0ms)[0m  begin transaction
  [1m[36m (0.5ms)[0m  [1mCREATE TABLE "subjects" ("id" INTEGER PRIMARY KEY AUTOINCREMENT NOT NULL, "created_at" datetime, "updated_at" datetime) [0m
  [1m[35mSQL (0.2ms)[0m  INSERT INTO "schema_migrations" ("version") VALUES (?)  [["version", "20161116204433"]]
  [1m[36m (1.2ms)[0m  [1mcommit transaction[0m
  [1m[35mActiveRecord::SchemaMigration Load (0.1ms)[0m  SELECT "schema_migrations".* FROM "schema_migrations"
  [1m[36mActiveRecord::SchemaMigration Load (0.1ms)[0m  [1mSELECT "schema_migrations".* FROM "schema_migrations"[0m
Migrating to CreateCourses (20161116204511)
  [1m[35m (0.0ms)[0m  begin transaction
  [1m[36m (0.4ms)[0m  [1mCREATE TABLE "courses" ("id" INTEGER PRIMARY KEY AUTOINCREMENT NOT NULL, "created_at" datetime, "updated_at" datetime) [0m
  [1m[35mSQL (0.2ms)[0m  INSERT INTO "schema_migrations" ("version") VALUES (?)  [["version", "20161116204511"]]
  [1m[36m (1.2ms)[0m  [1mcommit transaction[0m
  [1m[35mActiveRecord::SchemaMigration Load (0.1ms)[0m  SELECT "schema_migrations".* FROM "schema_migrations"
  [1m[36mActiveRecord::SchemaMigration Load (0.1ms)[0m  [1mSELECT "schema_migrations".* FROM "schema_migrations"[0m
Migrating to AddNameToSubject (20161116204838)
  [1m[35m (0.0ms)[0m  begin transaction
  [1m[36m (1.5ms)[0m  [1mALTER TABLE "subjects" ADD "name" varchar(255)[0m
  [1m[35mSQL (0.2ms)[0m  INSERT INTO "schema_migrations" ("version") VALUES (?)  [["version", "20161116204838"]]
  [1m[36m (0.6ms)[0m  [1mcommit transaction[0m
Migrating to AddNumberToCourse (20161116204911)
  [1m[35m (0.0ms)[0m  begin transaction
  [1m[36m (0.3ms)[0m  [1mALTER TABLE "courses" ADD "number" varchar(255)[0m
  [1m[35mSQL (0.1ms)[0m  INSERT INTO "schema_migrations" ("version") VALUES (?)  [["version", "20161116204911"]]
  [1m[36m (0.6ms)[0m  [1mcommit transaction[0m
  [1m[35mActiveRecord::SchemaMigration Load (0.1ms)[0m  SELECT "schema_migrations".* FROM "schema_migrations"
  [1m[36mSubject Load (0.2ms)[0m  [1mSELECT "subjects".* FROM "subjects" ORDER BY "subjects"."id" ASC LIMIT 1[0m
  [1m[35mSubject Load (0.2ms)[0m  SELECT "subjects".* FROM "subjects" ORDER BY "subjects"."id" ASC LIMIT 1
  [1m[36mSubject Load (0.2ms)[0m  [1mSELECT "subjects".* FROM "subjects" ORDER BY "subjects"."id" ASC LIMIT 1[0m
  [1m[35mSubject Load (0.6ms)[0m  SELECT "subjects".* FROM "subjects"
  [1m[36mActiveRecord::SchemaMigration Load (0.1ms)[0m  [1mSELECT "schema_migrations".* FROM "schema_migrations"[0m
Migrating to AddDescriptionToCourse (20161116211007)
  [1m[35m (0.0ms)[0m  begin transaction
  [1m[36m (0.4ms)[0m  [1mALTER TABLE "courses" ADD "description" text[0m
  [1m[35mSQL (0.2ms)[0m  INSERT INTO "schema_migrations" ("version") VALUES (?)  [["version", "20161116211007"]]
  [1m[36m (1.1ms)[0m  [1mcommit transaction[0m
  [1m[35mActiveRecord::SchemaMigration Load (0.1ms)[0m  SELECT "schema_migrations".* FROM "schema_migrations"


Started GET "/" for 127.0.0.1 at 2016-11-16 13:34:46 -0800
  [1m[36mActiveRecord::SchemaMigration Load (0.1ms)[0m  [1mSELECT "schema_migrations".* FROM "schema_migrations"[0m
Processing by HomeController#index as HTML
  [1m[35mSubject Load (0.1ms)[0m  SELECT "subjects".* FROM "subjects"
  Rendered home/index.html.erb within layouts/application (2.0ms)
Completed 200 OK in 105ms (Views: 80.4ms | ActiveRecord: 0.1ms)


Started GET "/assets/application.css?body=1" for 127.0.0.1 at 2016-11-16 13:34:46 -0800


Started GET "/assets/courses.css?body=1" for 127.0.0.1 at 2016-11-16 13:34:46 -0800


Started GET "/assets/home.css?body=1" for 127.0.0.1 at 2016-11-16 13:34:46 -0800


Started GET "/assets/subjects.css?body=1" for 127.0.0.1 at 2016-11-16 13:34:46 -0800


Started GET "/assets/jquery.js?body=1" for 127.0.0.1 at 2016-11-16 13:34:46 -0800


Started GET "/assets/jquery_ujs.js?body=1" for 127.0.0.1 at 2016-11-16 13:34:46 -0800


Started GET "/assets/turbolinks.js?body=1" for 127.0.0.1 at 2016-11-16 13:34:46 -0800


Started GET "/assets/courses.js?body=1" for 127.0.0.1 at 2016-11-16 13:34:46 -0800


Started GET "/assets/home.js?body=1" for 127.0.0.1 at 2016-11-16 13:34:46 -0800


Started GET "/assets/subjects.js?body=1" for 127.0.0.1 at 2016-11-16 13:34:46 -0800


Started GET "/assets/application.js?body=1" for 127.0.0.1 at 2016-11-16 13:34:46 -0800


Started GET "/" for 127.0.0.1 at 2016-11-16 13:41:00 -0800
  [1m[36mActiveRecord::SchemaMigration Load (0.1ms)[0m  [1mSELECT "schema_migrations".* FROM "schema_migrations"[0m
Processing by HomeController#index as HTML
  [1m[35mSubject Load (0.1ms)[0m  SELECT "subjects".* FROM "subjects"
  Rendered home/index.html.erb within layouts/application (1.5ms)
Completed 200 OK in 105ms (Views: 60.7ms | ActiveRecord: 0.1ms)


Started GET "/assets/courses.css?body=1" for 127.0.0.1 at 2016-11-16 13:41:00 -0800


Started GET "/assets/subjects.css?body=1" for 127.0.0.1 at 2016-11-16 13:41:00 -0800


Started GET "/assets/jquery.js?body=1" for 127.0.0.1 at 2016-11-16 13:41:00 -0800


Started GET "/assets/courses.js?body=1" for 127.0.0.1 at 2016-11-16 13:41:00 -0800


Started GET "/assets/turbolinks.js?body=1" for 127.0.0.1 at 2016-11-16 13:41:00 -0800


Started GET "/assets/jquery_ujs.js?body=1" for 127.0.0.1 at 2016-11-16 13:41:00 -0800


Started GET "/assets/application.js?body=1" for 127.0.0.1 at 2016-11-16 13:41:00 -0800


Started GET "/assets/subjects.js?body=1" for 127.0.0.1 at 2016-11-16 13:41:00 -0800


Started GET "/" for 127.0.0.1 at 2016-11-16 13:41:04 -0800
Processing by HomeController#index as HTML
  [1m[36mSubject Load (0.1ms)[0m  [1mSELECT "subjects".* FROM "subjects"[0m
  Rendered home/index.html.erb within layouts/application (0.5ms)
Completed 200 OK in 7ms (Views: 5.9ms | ActiveRecord: 0.1ms)


Started GET "/assets/courses.css?body=1" for 127.0.0.1 at 2016-11-16 13:41:04 -0800


Started GET "/assets/jquery.js?body=1" for 127.0.0.1 at 2016-11-16 13:41:04 -0800


Started GET "/assets/subjects.css?body=1" for 127.0.0.1 at 2016-11-16 13:41:04 -0800


Started GET "/assets/turbolinks.js?body=1" for 127.0.0.1 at 2016-11-16 13:41:04 -0800


Started GET "/assets/jquery_ujs.js?body=1" for 127.0.0.1 at 2016-11-16 13:41:04 -0800


Started GET "/assets/application.js?body=1" for 127.0.0.1 at 2016-11-16 13:41:04 -0800


Started GET "/assets/subjects.js?body=1" for 127.0.0.1 at 2016-11-16 13:41:04 -0800


Started GET "/assets/courses.js?body=1" for 127.0.0.1 at 2016-11-16 13:41:04 -0800


Started GET "/" for 127.0.0.1 at 2016-11-16 13:46:54 -0800
Processing by HomeController#index as HTML
  [1m[35mSubject Load (0.2ms)[0m  SELECT "subjects".* FROM "subjects"
  Rendered home/index.html.erb within layouts/application (0.7ms)
Completed 200 OK in 10ms (Views: 9.0ms | ActiveRecord: 0.2ms)


Started GET "/assets/application.css?body=1" for 127.0.0.1 at 2016-11-16 13:46:54 -0800


Started GET "/assets/courses.css?body=1" for 127.0.0.1 at 2016-11-16 13:46:54 -0800


Started GET "/assets/home.css?body=1" for 127.0.0.1 at 2016-11-16 13:46:54 -0800


Started GET "/assets/subjects.css?body=1" for 127.0.0.1 at 2016-11-16 13:46:54 -0800


Started GET "/assets/turbolinks.js?body=1" for 127.0.0.1 at 2016-11-16 13:46:54 -0800


Started GET "/assets/courses.js?body=1" for 127.0.0.1 at 2016-11-16 13:46:54 -0800


Started GET "/assets/home.js?body=1" for 127.0.0.1 at 2016-11-16 13:46:54 -0800


Started GET "/assets/subjects.js?body=1" for 127.0.0.1 at 2016-11-16 13:46:54 -0800


Started GET "/assets/jquery_ujs.js?body=1" for 127.0.0.1 at 2016-11-16 13:46:54 -0800


Started GET "/assets/application.js?body=1" for 127.0.0.1 at 2016-11-16 13:46:54 -0800


Started GET "/assets/jquery.js?body=1" for 127.0.0.1 at 2016-11-16 13:46:54 -0800
  [1m[36mActiveRecord::SchemaMigration Load (0.1ms)[0m  [1mSELECT "schema_migrations".* FROM "schema_migrations"[0m
  [1m[35mActiveRecord::SchemaMigration Load (0.1ms)[0m  SELECT "schema_migrations".* FROM "schema_migrations"


Started GET "/" for 127.0.0.1 at 2016-11-16 13:48:16 -0800
Processing by HomeController#index as HTML
  [1m[36mSubject Load (0.2ms)[0m  [1mSELECT "subjects".* FROM "subjects"[0m
  Rendered home/index.html.erb within layouts/application (0.7ms)
Completed 200 OK in 8ms (Views: 5.3ms | ActiveRecord: 0.2ms)


Started GET "/assets/application.css?body=1" for 127.0.0.1 at 2016-11-16 13:48:16 -0800


Started GET "/assets/courses.css?body=1" for 127.0.0.1 at 2016-11-16 13:48:16 -0800


Started GET "/assets/jquery_ujs.js?body=1" for 127.0.0.1 at 2016-11-16 13:48:16 -0800


Started GET "/assets/home.css?body=1" for 127.0.0.1 at 2016-11-16 13:48:16 -0800


Started GET "/assets/courses.js?body=1" for 127.0.0.1 at 2016-11-16 13:48:16 -0800


Started GET "/assets/home.js?body=1" for 127.0.0.1 at 2016-11-16 13:48:16 -0800


Started GET "/assets/jquery.js?body=1" for 127.0.0.1 at 2016-11-16 13:48:16 -0800


Started GET "/assets/subjects.css?body=1" for 127.0.0.1 at 2016-11-16 13:48:16 -0800


Started GET "/assets/turbolinks.js?body=1" for 127.0.0.1 at 2016-11-16 13:48:16 -0800


Started GET "/assets/subjects.js?body=1" for 127.0.0.1 at 2016-11-16 13:48:16 -0800


Started GET "/assets/application.js?body=1" for 127.0.0.1 at 2016-11-16 13:48:16 -0800


Started GET "/" for 127.0.0.1 at 2016-11-16 14:00:08 -0800
Processing by HomeController#index as HTML
  [1m[35mSubject Load (0.3ms)[0m  SELECT "subjects".* FROM "subjects"
  Rendered home/index.html.erb within layouts/application (1.5ms)
Completed 200 OK in 9ms (Views: 6.0ms | ActiveRecord: 0.3ms)


Started GET "/assets/application.css?body=1" for 127.0.0.1 at 2016-11-16 14:00:08 -0800


Started GET "/assets/home.css?body=1" for 127.0.0.1 at 2016-11-16 14:00:08 -0800


Started GET "/assets/subjects.css?body=1" for 127.0.0.1 at 2016-11-16 14:00:08 -0800


Started GET "/assets/courses.css?body=1" for 127.0.0.1 at 2016-11-16 14:00:08 -0800


Started GET "/assets/jquery.js?body=1" for 127.0.0.1 at 2016-11-16 14:00:08 -0800


Started GET "/assets/jquery_ujs.js?body=1" for 127.0.0.1 at 2016-11-16 14:00:08 -0800


Started GET "/assets/turbolinks.js?body=1" for 127.0.0.1 at 2016-11-16 14:00:08 -0800


Started GET "/assets/courses.js?body=1" for 127.0.0.1 at 2016-11-16 14:00:08 -0800


Started GET "/assets/home.js?body=1" for 127.0.0.1 at 2016-11-16 14:00:08 -0800


Started GET "/assets/subjects.js?body=1" for 127.0.0.1 at 2016-11-16 14:00:08 -0800


Started GET "/assets/application.js?body=1" for 127.0.0.1 at 2016-11-16 14:00:08 -0800


Started GET "/subjects/new" for 127.0.0.1 at 2016-11-16 14:00:10 -0800
Processing by SubjectsController#new as HTML
Completed 500 Internal Server Error in 4ms

ActionView::MissingTemplate (Missing template subjects/new, application/new with {:locale=>[:en], :formats=>[:html], :handlers=>[:erb, :builder, :raw, :ruby, :jbuilder, :coffee]}. Searched in:
  * "/Users/linkarneson/railsdecal/MicroTutoring/app/views"
):
  actionpack (4.0.0) lib/action_view/path_set.rb:46:in `find'
  actionpack (4.0.0) lib/action_view/lookup_context.rb:115:in `find'
  actionpack (4.0.0) lib/action_view/renderer/abstract_renderer.rb:18:in `find_template'
  actionpack (4.0.0) lib/action_view/renderer/template_renderer.rb:35:in `determine_template'
  actionpack (4.0.0) lib/action_view/renderer/template_renderer.rb:8:in `render'
  actionpack (4.0.0) lib/action_view/renderer/renderer.rb:42:in `render_template'
  actionpack (4.0.0) lib/action_view/renderer/renderer.rb:23:in `render'
  actionpack (4.0.0) lib/abstract_controller/rendering.rb:127:in `_render_template'
  actionpack (4.0.0) lib/action_controller/metal/streaming.rb:219:in `_render_template'
  actionpack (4.0.0) lib/abstract_controller/rendering.rb:120:in `render_to_body'
  actionpack (4.0.0) lib/action_controller/metal/rendering.rb:33:in `render_to_body'
  actionpack (4.0.0) lib/action_controller/metal/renderers.rb:26:in `render_to_body'
  actionpack (4.0.0) lib/abstract_controller/rendering.rb:97:in `render'
  actionpack (4.0.0) lib/action_controller/metal/rendering.rb:16:in `render'
  actionpack (4.0.0) lib/action_controller/metal/instrumentation.rb:41:in `block (2 levels) in render'
  activesupport (4.0.0) lib/active_support/core_ext/benchmark.rb:12:in `block in ms'
  /System/Library/Frameworks/Ruby.framework/Versions/2.0/usr/lib/ruby/2.0.0/benchmark.rb:296:in `realtime'
  activesupport (4.0.0) lib/active_support/core_ext/benchmark.rb:12:in `ms'
  actionpack (4.0.0) lib/action_controller/metal/instrumentation.rb:41:in `block in render'
  actionpack (4.0.0) lib/action_controller/metal/instrumentation.rb:84:in `cleanup_view_runtime'
  activerecord (4.0.0) lib/active_record/railties/controller_runtime.rb:25:in `cleanup_view_runtime'
  actionpack (4.0.0) lib/action_controller/metal/instrumentation.rb:40:in `render'
  actionpack (4.0.0) lib/action_controller/metal/implicit_render.rb:10:in `default_render'
  actionpack (4.0.0) lib/action_controller/metal/implicit_render.rb:5:in `send_action'
  actionpack (4.0.0) lib/abstract_controller/base.rb:189:in `process_action'
  actionpack (4.0.0) lib/action_controller/metal/rendering.rb:10:in `process_action'
  actionpack (4.0.0) lib/abstract_controller/callbacks.rb:18:in `block in process_action'
  activesupport (4.0.0) lib/active_support/callbacks.rb:393:in `_run__708953498277446441__process_action__callbacks'
  activesupport (4.0.0) lib/active_support/callbacks.rb:80:in `run_callbacks'
  actionpack (4.0.0) lib/abstract_controller/callbacks.rb:17:in `process_action'
  actionpack (4.0.0) lib/action_controller/metal/rescue.rb:29:in `process_action'
  actionpack (4.0.0) lib/action_controller/metal/instrumentation.rb:31:in `block in process_action'
  activesupport (4.0.0) lib/active_support/notifications.rb:159:in `block in instrument'
  activesupport (4.0.0) lib/active_support/notifications/instrumenter.rb:20:in `instrument'
  activesupport (4.0.0) lib/active_support/notifications.rb:159:in `instrument'
  actionpack (4.0.0) lib/action_controller/metal/instrumentation.rb:30:in `process_action'
  actionpack (4.0.0) lib/action_controller/metal/params_wrapper.rb:245:in `process_action'
  activerecord (4.0.0) lib/active_record/railties/controller_runtime.rb:18:in `process_action'
  actionpack (4.0.0) lib/abstract_controller/base.rb:136:in `process'
  actionpack (4.0.0) lib/abstract_controller/rendering.rb:44:in `process'
  actionpack (4.0.0) lib/action_controller/metal.rb:195:in `dispatch'
  actionpack (4.0.0) lib/action_controller/metal/rack_delegation.rb:13:in `dispatch'
  actionpack (4.0.0) lib/action_controller/metal.rb:231:in `block in action'
  actionpack (4.0.0) lib/action_dispatch/routing/route_set.rb:80:in `call'
  actionpack (4.0.0) lib/action_dispatch/routing/route_set.rb:80:in `dispatch'
  actionpack (4.0.0) lib/action_dispatch/routing/route_set.rb:48:in `call'
  actionpack (4.0.0) lib/action_dispatch/journey/router.rb:71:in `block in call'
  actionpack (4.0.0) lib/action_dispatch/journey/router.rb:59:in `each'
  actionpack (4.0.0) lib/action_dispatch/journey/router.rb:59:in `call'
  actionpack (4.0.0) lib/action_dispatch/routing/route_set.rb:655:in `call'
  rack (1.5.5) lib/rack/etag.rb:23:in `call'
  rack (1.5.5) lib/rack/conditionalget.rb:25:in `call'
  rack (1.5.5) lib/rack/head.rb:11:in `call'
  actionpack (4.0.0) lib/action_dispatch/middleware/params_parser.rb:27:in `call'
  actionpack (4.0.0) lib/action_dispatch/middleware/flash.rb:241:in `call'
  rack (1.5.5) lib/rack/session/abstract/id.rb:225:in `context'
  rack (1.5.5) lib/rack/session/abstract/id.rb:220:in `call'
  actionpack (4.0.0) lib/action_dispatch/middleware/cookies.rb:486:in `call'
  activerecord (4.0.0) lib/active_record/query_cache.rb:36:in `call'
  activerecord (4.0.0) lib/active_record/connection_adapters/abstract/connection_pool.rb:626:in `call'
  activerecord (4.0.0) lib/active_record/migration.rb:369:in `call'
  actionpack (4.0.0) lib/action_dispatch/middleware/callbacks.rb:29:in `block in call'
  activesupport (4.0.0) lib/active_support/callbacks.rb:373:in `_run__241841370841445320__call__callbacks'
  activesupport (4.0.0) lib/active_support/callbacks.rb:80:in `run_callbacks'
  actionpack (4.0.0) lib/action_dispatch/middleware/callbacks.rb:27:in `call'
  actionpack (4.0.0) lib/action_dispatch/middleware/reloader.rb:64:in `call'
  actionpack (4.0.0) lib/action_dispatch/middleware/remote_ip.rb:76:in `call'
  actionpack (4.0.0) lib/action_dispatch/middleware/debug_exceptions.rb:17:in `call'
  actionpack (4.0.0) lib/action_dispatch/middleware/show_exceptions.rb:30:in `call'
  railties (4.0.0) lib/rails/rack/logger.rb:38:in `call_app'
  railties (4.0.0) lib/rails/rack/logger.rb:21:in `block in call'
  activesupport (4.0.0) lib/active_support/tagged_logging.rb:67:in `block in tagged'
  activesupport (4.0.0) lib/active_support/tagged_logging.rb:25:in `tagged'
  activesupport (4.0.0) lib/active_support/tagged_logging.rb:67:in `tagged'
  railties (4.0.0) lib/rails/rack/logger.rb:21:in `call'
  actionpack (4.0.0) lib/action_dispatch/middleware/request_id.rb:21:in `call'
  rack (1.5.5) lib/rack/methodoverride.rb:21:in `call'
  rack (1.5.5) lib/rack/runtime.rb:17:in `call'
  activesupport (4.0.0) lib/active_support/cache/strategy/local_cache.rb:83:in `call'
  rack (1.5.5) lib/rack/lock.rb:17:in `call'
  actionpack (4.0.0) lib/action_dispatch/middleware/static.rb:64:in `call'
  railties (4.0.0) lib/rails/engine.rb:511:in `call'
  railties (4.0.0) lib/rails/application.rb:97:in `call'
  rack (1.5.5) lib/rack/lock.rb:17:in `call'
  rack (1.5.5) lib/rack/content_length.rb:14:in `call'
  rack (1.5.5) lib/rack/handler/webrick.rb:60:in `service'
  /System/Library/Frameworks/Ruby.framework/Versions/2.0/usr/lib/ruby/2.0.0/webrick/httpserver.rb:138:in `service'
  /System/Library/Frameworks/Ruby.framework/Versions/2.0/usr/lib/ruby/2.0.0/webrick/httpserver.rb:94:in `run'
  /System/Library/Frameworks/Ruby.framework/Versions/2.0/usr/lib/ruby/2.0.0/webrick/server.rb:295:in `block in start_thread'


  Rendered /Library/Ruby/Gems/2.0.0/gems/actionpack-4.0.0/lib/action_dispatch/middleware/templates/rescues/missing_template.erb within rescues/layout (0.3ms)


Started GET "/subjects/new" for 127.0.0.1 at 2016-11-16 14:01:12 -0800
Processing by SubjectsController#new as HTML
  Rendered subjects/new.html.erb within layouts/application (0.3ms)
Completed 200 OK in 33ms (Views: 32.5ms | ActiveRecord: 0.0ms)


Started GET "/assets/application.css?body=1" for 127.0.0.1 at 2016-11-16 14:01:12 -0800


Started GET "/assets/courses.css?body=1" for 127.0.0.1 at 2016-11-16 14:01:12 -0800


Started GET "/assets/home.css?body=1" for 127.0.0.1 at 2016-11-16 14:01:12 -0800


Started GET "/assets/subjects.css?body=1" for 127.0.0.1 at 2016-11-16 14:01:12 -0800


Started GET "/assets/turbolinks.js?body=1" for 127.0.0.1 at 2016-11-16 14:01:12 -0800


Started GET "/assets/jquery.js?body=1" for 127.0.0.1 at 2016-11-16 14:01:12 -0800


Started GET "/assets/courses.js?body=1" for 127.0.0.1 at 2016-11-16 14:01:12 -0800


Started GET "/assets/home.js?body=1" for 127.0.0.1 at 2016-11-16 14:01:12 -0800


Started GET "/assets/jquery_ujs.js?body=1" for 127.0.0.1 at 2016-11-16 14:01:12 -0800


Started GET "/assets/application.js?body=1" for 127.0.0.1 at 2016-11-16 14:01:12 -0800


Started GET "/assets/subjects.js?body=1" for 127.0.0.1 at 2016-11-16 14:01:12 -0800


Started GET "/" for 127.0.0.1 at 2016-11-16 14:02:18 -0800
Processing by HomeController#index as HTML
  [1m[36mSubject Load (0.1ms)[0m  [1mSELECT "subjects".* FROM "subjects"[0m
  Rendered home/index.html.erb within layouts/application (0.9ms)
Completed 200 OK in 6ms (Views: 5.0ms | ActiveRecord: 0.1ms)


Started GET "/assets/application.css?body=1" for 127.0.0.1 at 2016-11-16 14:02:18 -0800


Started GET "/assets/home.css?body=1" for 127.0.0.1 at 2016-11-16 14:02:18 -0800


Started GET "/assets/courses.css?body=1" for 127.0.0.1 at 2016-11-16 14:02:18 -0800


Started GET "/assets/subjects.css?body=1" for 127.0.0.1 at 2016-11-16 14:02:18 -0800


Started GET "/assets/home.js?body=1" for 127.0.0.1 at 2016-11-16 14:02:18 -0800


Started GET "/assets/jquery.js?body=1" for 127.0.0.1 at 2016-11-16 14:02:18 -0800


Started GET "/assets/jquery_ujs.js?body=1" for 127.0.0.1 at 2016-11-16 14:02:18 -0800


Started GET "/assets/turbolinks.js?body=1" for 127.0.0.1 at 2016-11-16 14:02:18 -0800


Started GET "/assets/courses.js?body=1" for 127.0.0.1 at 2016-11-16 14:02:18 -0800


Started GET "/assets/subjects.js?body=1" for 127.0.0.1 at 2016-11-16 14:02:18 -0800


Started GET "/assets/application.js?body=1" for 127.0.0.1 at 2016-11-16 14:02:18 -0800


Started GET "/subjects/new" for 127.0.0.1 at 2016-11-16 14:02:19 -0800
Processing by SubjectsController#new as HTML
  Rendered subjects/new.html.erb within layouts/application (10.9ms)
Completed 500 Internal Server Error in 14ms

ActionView::Template::Error (undefined method `simple_form_for' for #<#<Class:0x007f816b9a14f8>:0x007f816b9d88b8>):
    1: <%= simple_form_for @subject do |f| %>
    2:   <%= f.input :name %>
    3:   <%= f.button :submit %>
    4: <% end %>
  app/views/subjects/new.html.erb:1:in `_app_views_subjects_new_html_erb___2830083194555743049_70096916519880'


  Rendered /Library/Ruby/Gems/2.0.0/gems/actionpack-4.0.0/lib/action_dispatch/middleware/templates/rescues/_trace.erb (25.1ms)
  Rendered /Library/Ruby/Gems/2.0.0/gems/actionpack-4.0.0/lib/action_dispatch/middleware/templates/rescues/_request_and_response.erb (0.9ms)
  Rendered /Library/Ruby/Gems/2.0.0/gems/actionpack-4.0.0/lib/action_dispatch/middleware/templates/rescues/template_error.erb within rescues/layout (36.3ms)


Started GET "/subjects/new" for 127.0.0.1 at 2016-11-16 14:02:32 -0800
Processing by SubjectsController#new as HTML
  Rendered subjects/new.html.erb within layouts/application (0.9ms)
Completed 500 Internal Server Error in 3ms

ActionView::Template::Error (First argument in form cannot contain nil or be empty):
    1: <%= form_for @subject do |f| %>
    2:   <%= f.input :name %>
    3:   <%= f.button :submit %>
    4: <% end %>
  app/views/subjects/new.html.erb:1:in `_app_views_subjects_new_html_erb___2830083194555743049_70096912576220'


  Rendered /Library/Ruby/Gems/2.0.0/gems/actionpack-4.0.0/lib/action_dispatch/middleware/templates/rescues/_trace.erb (1.0ms)
  Rendered /Library/Ruby/Gems/2.0.0/gems/actionpack-4.0.0/lib/action_dispatch/middleware/templates/rescues/_request_and_response.erb (0.7ms)
  Rendered /Library/Ruby/Gems/2.0.0/gems/actionpack-4.0.0/lib/action_dispatch/middleware/templates/rescues/template_error.erb within rescues/layout (8.2ms)


Started GET "/subjects/new" for 127.0.0.1 at 2016-11-16 14:04:30 -0800
Processing by SubjectsController#new as HTML
  Rendered subjects/new.html.erb within layouts/application (16.4ms)
Completed 500 Internal Server Error in 22ms

ActionView::Template::Error (undefined method `subjects_path' for #<#<Class:0x007f816b6b5758>:0x007f816b6b4ad8>):
    1: <%= form_for @subject do |f| %>
    2:   <%= f.input :name %>
    3:   <%= f.button :submit %>
    4: <% end %>
  app/views/subjects/new.html.erb:1:in `_app_views_subjects_new_html_erb___2830083194555743049_70096912576220'


  Rendered /Library/Ruby/Gems/2.0.0/gems/actionpack-4.0.0/lib/action_dispatch/middleware/templates/rescues/_trace.erb (1.9ms)
  Rendered /Library/Ruby/Gems/2.0.0/gems/actionpack-4.0.0/lib/action_dispatch/middleware/templates/rescues/_request_and_response.erb (0.8ms)
  Rendered /Library/Ruby/Gems/2.0.0/gems/actionpack-4.0.0/lib/action_dispatch/middleware/templates/rescues/template_error.erb within rescues/layout (9.8ms)


Started GET "/subjects/new" for 127.0.0.1 at 2016-11-16 14:09:36 -0800
Processing by SubjectsController#new as HTML
  Rendered subjects/new.html.erb within layouts/application (1.6ms)
Completed 500 Internal Server Error in 21ms

ActionView::Template::Error (Missing block):
    1: <%= form_for(@subject, url: subjects_new_path)%>
  app/views/subjects/new.html.erb:1:in `_app_views_subjects_new_html_erb___2830083194555743049_70096928800260'


  Rendered /Library/Ruby/Gems/2.0.0/gems/actionpack-4.0.0/lib/action_dispatch/middleware/templates/rescues/_trace.erb (1.4ms)
  Rendered /Library/Ruby/Gems/2.0.0/gems/actionpack-4.0.0/lib/action_dispatch/middleware/templates/rescues/_request_and_response.erb (0.8ms)
  Rendered /Library/Ruby/Gems/2.0.0/gems/actionpack-4.0.0/lib/action_dispatch/middleware/templates/rescues/template_error.erb within rescues/layout (8.6ms)


Started GET "/subjects/new" for 127.0.0.1 at 2016-11-16 14:12:05 -0800
Processing by SubjectsController#new as HTML
  Rendered subjects/new.html.erb within layouts/application (43.2ms)
Completed 200 OK in 49ms (Views: 47.8ms | ActiveRecord: 0.0ms)


Started GET "/assets/application.css?body=1" for 127.0.0.1 at 2016-11-16 14:12:05 -0800


Started GET "/assets/courses.css?body=1" for 127.0.0.1 at 2016-11-16 14:12:05 -0800


Started GET "/assets/turbolinks.js?body=1" for 127.0.0.1 at 2016-11-16 14:12:05 -0800


Started GET "/assets/jquery.js?body=1" for 127.0.0.1 at 2016-11-16 14:12:05 -0800


Started GET "/assets/courses.js?body=1" for 127.0.0.1 at 2016-11-16 14:12:05 -0800


Started GET "/assets/subjects.css?body=1" for 127.0.0.1 at 2016-11-16 14:12:05 -0800


Started GET "/assets/home.css?body=1" for 127.0.0.1 at 2016-11-16 14:12:05 -0800


Started GET "/assets/jquery_ujs.js?body=1" for 127.0.0.1 at 2016-11-16 14:12:05 -0800


Started GET "/assets/home.js?body=1" for 127.0.0.1 at 2016-11-16 14:12:05 -0800


Started GET "/assets/subjects.js?body=1" for 127.0.0.1 at 2016-11-16 14:12:05 -0800


Started GET "/assets/application.js?body=1" for 127.0.0.1 at 2016-11-16 14:12:05 -0800


Started POST "/subjects/new" for 127.0.0.1 at 2016-11-16 14:12:15 -0800
Processing by SubjectsController#create as HTML
  Parameters: {"utf8"=>"✓", "authenticity_token"=>"2u3FEDdknU2WmqDS4gkFk0BRhW/lrW+kTslSdxxgEZQ=", "subject"=>{"name"=>"Math"}, "commit"=>"Create Subject"}
Completed 500 Internal Server Error in 2ms

ActionView::MissingTemplate (Missing template subjects/create, application/create with {:locale=>[:en], :formats=>[:html], :handlers=>[:erb, :builder, :raw, :ruby, :jbuilder, :coffee]}. Searched in:
  * "/Users/linkarneson/railsdecal/MicroTutoring/app/views"
):
  actionpack (4.0.0) lib/action_view/path_set.rb:46:in `find'
  actionpack (4.0.0) lib/action_view/lookup_context.rb:115:in `find'
  actionpack (4.0.0) lib/action_view/renderer/abstract_renderer.rb:18:in `find_template'
  actionpack (4.0.0) lib/action_view/renderer/template_renderer.rb:35:in `determine_template'
  actionpack (4.0.0) lib/action_view/renderer/template_renderer.rb:8:in `render'
  actionpack (4.0.0) lib/action_view/renderer/renderer.rb:42:in `render_template'
  actionpack (4.0.0) lib/action_view/renderer/renderer.rb:23:in `render'
  actionpack (4.0.0) lib/abstract_controller/rendering.rb:127:in `_render_template'
  actionpack (4.0.0) lib/action_controller/metal/streaming.rb:219:in `_render_template'
  actionpack (4.0.0) lib/abstract_controller/rendering.rb:120:in `render_to_body'
  actionpack (4.0.0) lib/action_controller/metal/rendering.rb:33:in `render_to_body'
  actionpack (4.0.0) lib/action_controller/metal/renderers.rb:26:in `render_to_body'
  actionpack (4.0.0) lib/abstract_controller/rendering.rb:97:in `render'
  actionpack (4.0.0) lib/action_controller/metal/rendering.rb:16:in `render'
  actionpack (4.0.0) lib/action_controller/metal/instrumentation.rb:41:in `block (2 levels) in render'
  activesupport (4.0.0) lib/active_support/core_ext/benchmark.rb:12:in `block in ms'
  /System/Library/Frameworks/Ruby.framework/Versions/2.0/usr/lib/ruby/2.0.0/benchmark.rb:296:in `realtime'
  activesupport (4.0.0) lib/active_support/core_ext/benchmark.rb:12:in `ms'
  actionpack (4.0.0) lib/action_controller/metal/instrumentation.rb:41:in `block in render'
  actionpack (4.0.0) lib/action_controller/metal/instrumentation.rb:84:in `cleanup_view_runtime'
  activerecord (4.0.0) lib/active_record/railties/controller_runtime.rb:25:in `cleanup_view_runtime'
  actionpack (4.0.0) lib/action_controller/metal/instrumentation.rb:40:in `render'
  actionpack (4.0.0) lib/action_controller/metal/implicit_render.rb:10:in `default_render'
  actionpack (4.0.0) lib/action_controller/metal/implicit_render.rb:5:in `send_action'
  actionpack (4.0.0) lib/abstract_controller/base.rb:189:in `process_action'
  actionpack (4.0.0) lib/action_controller/metal/rendering.rb:10:in `process_action'
  actionpack (4.0.0) lib/abstract_controller/callbacks.rb:18:in `block in process_action'
  activesupport (4.0.0) lib/active_support/callbacks.rb:393:in `_run__708953498277446441__process_action__callbacks'
  activesupport (4.0.0) lib/active_support/callbacks.rb:80:in `run_callbacks'
  actionpack (4.0.0) lib/abstract_controller/callbacks.rb:17:in `process_action'
  actionpack (4.0.0) lib/action_controller/metal/rescue.rb:29:in `process_action'
  actionpack (4.0.0) lib/action_controller/metal/instrumentation.rb:31:in `block in process_action'
  activesupport (4.0.0) lib/active_support/notifications.rb:159:in `block in instrument'
  activesupport (4.0.0) lib/active_support/notifications/instrumenter.rb:20:in `instrument'
  activesupport (4.0.0) lib/active_support/notifications.rb:159:in `instrument'
  actionpack (4.0.0) lib/action_controller/metal/instrumentation.rb:30:in `process_action'
  actionpack (4.0.0) lib/action_controller/metal/params_wrapper.rb:245:in `process_action'
  activerecord (4.0.0) lib/active_record/railties/controller_runtime.rb:18:in `process_action'
  actionpack (4.0.0) lib/abstract_controller/base.rb:136:in `process'
  actionpack (4.0.0) lib/abstract_controller/rendering.rb:44:in `process'
  actionpack (4.0.0) lib/action_controller/metal.rb:195:in `dispatch'
  actionpack (4.0.0) lib/action_controller/metal/rack_delegation.rb:13:in `dispatch'
  actionpack (4.0.0) lib/action_controller/metal.rb:231:in `block in action'
  actionpack (4.0.0) lib/action_dispatch/routing/route_set.rb:80:in `call'
  actionpack (4.0.0) lib/action_dispatch/routing/route_set.rb:80:in `dispatch'
  actionpack (4.0.0) lib/action_dispatch/routing/route_set.rb:48:in `call'
  actionpack (4.0.0) lib/action_dispatch/journey/router.rb:71:in `block in call'
  actionpack (4.0.0) lib/action_dispatch/journey/router.rb:59:in `each'
  actionpack (4.0.0) lib/action_dispatch/journey/router.rb:59:in `call'
  actionpack (4.0.0) lib/action_dispatch/routing/route_set.rb:655:in `call'
  rack (1.5.5) lib/rack/etag.rb:23:in `call'
  rack (1.5.5) lib/rack/conditionalget.rb:35:in `call'
  rack (1.5.5) lib/rack/head.rb:11:in `call'
  actionpack (4.0.0) lib/action_dispatch/middleware/params_parser.rb:27:in `call'
  actionpack (4.0.0) lib/action_dispatch/middleware/flash.rb:241:in `call'
  rack (1.5.5) lib/rack/session/abstract/id.rb:225:in `context'
  rack (1.5.5) lib/rack/session/abstract/id.rb:220:in `call'
  actionpack (4.0.0) lib/action_dispatch/middleware/cookies.rb:486:in `call'
  activerecord (4.0.0) lib/active_record/query_cache.rb:36:in `call'
  activerecord (4.0.0) lib/active_record/connection_adapters/abstract/connection_pool.rb:626:in `call'
  activerecord (4.0.0) lib/active_record/migration.rb:369:in `call'
  actionpack (4.0.0) lib/action_dispatch/middleware/callbacks.rb:29:in `block in call'
  activesupport (4.0.0) lib/active_support/callbacks.rb:373:in `_run__241841370841445320__call__callbacks'
  activesupport (4.0.0) lib/active_support/callbacks.rb:80:in `run_callbacks'
  actionpack (4.0.0) lib/action_dispatch/middleware/callbacks.rb:27:in `call'
  actionpack (4.0.0) lib/action_dispatch/middleware/reloader.rb:64:in `call'
  actionpack (4.0.0) lib/action_dispatch/middleware/remote_ip.rb:76:in `call'
  actionpack (4.0.0) lib/action_dispatch/middleware/debug_exceptions.rb:17:in `call'
  actionpack (4.0.0) lib/action_dispatch/middleware/show_exceptions.rb:30:in `call'
  railties (4.0.0) lib/rails/rack/logger.rb:38:in `call_app'
  railties (4.0.0) lib/rails/rack/logger.rb:21:in `block in call'
  activesupport (4.0.0) lib/active_support/tagged_logging.rb:67:in `block in tagged'
  activesupport (4.0.0) lib/active_support/tagged_logging.rb:25:in `tagged'
  activesupport (4.0.0) lib/active_support/tagged_logging.rb:67:in `tagged'
  railties (4.0.0) lib/rails/rack/logger.rb:21:in `call'
  actionpack (4.0.0) lib/action_dispatch/middleware/request_id.rb:21:in `call'
  rack (1.5.5) lib/rack/methodoverride.rb:21:in `call'
  rack (1.5.5) lib/rack/runtime.rb:17:in `call'
  activesupport (4.0.0) lib/active_support/cache/strategy/local_cache.rb:83:in `call'
  rack (1.5.5) lib/rack/lock.rb:17:in `call'
  actionpack (4.0.0) lib/action_dispatch/middleware/static.rb:64:in `call'
  railties (4.0.0) lib/rails/engine.rb:511:in `call'
  railties (4.0.0) lib/rails/application.rb:97:in `call'
  rack (1.5.5) lib/rack/lock.rb:17:in `call'
  rack (1.5.5) lib/rack/content_length.rb:14:in `call'
  rack (1.5.5) lib/rack/handler/webrick.rb:60:in `service'
  /System/Library/Frameworks/Ruby.framework/Versions/2.0/usr/lib/ruby/2.0.0/webrick/httpserver.rb:138:in `service'
  /System/Library/Frameworks/Ruby.framework/Versions/2.0/usr/lib/ruby/2.0.0/webrick/httpserver.rb:94:in `run'
  /System/Library/Frameworks/Ruby.framework/Versions/2.0/usr/lib/ruby/2.0.0/webrick/server.rb:295:in `block in start_thread'


  Rendered /Library/Ruby/Gems/2.0.0/gems/actionpack-4.0.0/lib/action_dispatch/middleware/templates/rescues/missing_template.erb within rescues/layout (0.7ms)


Started GET "/" for 127.0.0.1 at 2016-11-16 14:15:05 -0800
Processing by HomeController#index as HTML
  [1m[35mSubject Load (0.2ms)[0m  SELECT "subjects".* FROM "subjects"
  Rendered home/index.html.erb within layouts/application (1.0ms)
Completed 200 OK in 33ms (Views: 30.5ms | ActiveRecord: 0.2ms)


Started GET "/assets/application.css?body=1" for 127.0.0.1 at 2016-11-16 14:15:05 -0800


Started GET "/assets/home.css?body=1" for 127.0.0.1 at 2016-11-16 14:15:05 -0800


Started GET "/assets/subjects.css?body=1" for 127.0.0.1 at 2016-11-16 14:15:05 -0800


Started GET "/assets/jquery_ujs.js?body=1" for 127.0.0.1 at 2016-11-16 14:15:05 -0800


Started GET "/assets/courses.css?body=1" for 127.0.0.1 at 2016-11-16 14:15:05 -0800


Started GET "/assets/turbolinks.js?body=1" for 127.0.0.1 at 2016-11-16 14:15:05 -0800


Started GET "/assets/courses.js?body=1" for 127.0.0.1 at 2016-11-16 14:15:05 -0800


Started GET "/assets/jquery.js?body=1" for 127.0.0.1 at 2016-11-16 14:15:05 -0800


Started GET "/assets/home.js?body=1" for 127.0.0.1 at 2016-11-16 14:15:05 -0800


Started GET "/assets/subjects.js?body=1" for 127.0.0.1 at 2016-11-16 14:15:05 -0800


Started GET "/assets/application.js?body=1" for 127.0.0.1 at 2016-11-16 14:15:05 -0800


Started GET "/subjects/new" for 127.0.0.1 at 2016-11-16 14:15:06 -0800
Processing by SubjectsController#new as HTML
  Rendered subjects/new.html.erb within layouts/application (8.3ms)
Completed 200 OK in 17ms (Views: 12.9ms | ActiveRecord: 0.8ms)


Started GET "/assets/application.css?body=1" for 127.0.0.1 at 2016-11-16 14:15:06 -0800


Started GET "/assets/courses.css?body=1" for 127.0.0.1 at 2016-11-16 14:15:06 -0800


Started GET "/assets/turbolinks.js?body=1" for 127.0.0.1 at 2016-11-16 14:15:06 -0800


Started GET "/assets/subjects.css?body=1" for 127.0.0.1 at 2016-11-16 14:15:06 -0800


Started GET "/assets/jquery.js?body=1" for 127.0.0.1 at 2016-11-16 14:15:06 -0800


Started GET "/assets/jquery_ujs.js?body=1" for 127.0.0.1 at 2016-11-16 14:15:06 -0800


Started GET "/assets/home.css?body=1" for 127.0.0.1 at 2016-11-16 14:15:06 -0800


Started GET "/assets/courses.js?body=1" for 127.0.0.1 at 2016-11-16 14:15:06 -0800


Started GET "/assets/home.js?body=1" for 127.0.0.1 at 2016-11-16 14:15:06 -0800


Started GET "/assets/subjects.js?body=1" for 127.0.0.1 at 2016-11-16 14:15:06 -0800


Started GET "/assets/application.js?body=1" for 127.0.0.1 at 2016-11-16 14:15:06 -0800


Started POST "/subjects/new" for 127.0.0.1 at 2016-11-16 14:15:12 -0800
Processing by SubjectsController#create as HTML
  Parameters: {"utf8"=>"✓", "authenticity_token"=>"2u3FEDdknU2WmqDS4gkFk0BRhW/lrW+kTslSdxxgEZQ=", "subject"=>{"name"=>"Math"}, "commit"=>"Create Subject"}
Completed 500 Internal Server Error in 0ms

NoMethodError (undefined method `valid?' for nil:NilClass):
  app/controllers/subjects_controller.rb:12:in `create'


  Rendered /Library/Ruby/Gems/2.0.0/gems/actionpack-4.0.0/lib/action_dispatch/middleware/templates/rescues/_source.erb (0.7ms)
  Rendered /Library/Ruby/Gems/2.0.0/gems/actionpack-4.0.0/lib/action_dispatch/middleware/templates/rescues/_trace.erb (0.8ms)
  Rendered /Library/Ruby/Gems/2.0.0/gems/actionpack-4.0.0/lib/action_dispatch/middleware/templates/rescues/_request_and_response.erb (0.8ms)
  Rendered /Library/Ruby/Gems/2.0.0/gems/actionpack-4.0.0/lib/action_dispatch/middleware/templates/rescues/diagnostics.erb within rescues/layout (13.0ms)


Started POST "/subjects/new" for 127.0.0.1 at 2016-11-16 14:15:44 -0800
Processing by SubjectsController#create as HTML
  Parameters: {"utf8"=>"✓", "authenticity_token"=>"2u3FEDdknU2WmqDS4gkFk0BRhW/lrW+kTslSdxxgEZQ=", "subject"=>{"name"=>"Math"}, "commit"=>"Create Subject"}
Completed 500 Internal Server Error in 1ms

NoMethodError (undefined method `save' for nil:NilClass):
  app/controllers/subjects_controller.rb:13:in `create'


  Rendered /Library/Ruby/Gems/2.0.0/gems/actionpack-4.0.0/lib/action_dispatch/middleware/templates/rescues/_source.erb (0.5ms)
  Rendered /Library/Ruby/Gems/2.0.0/gems/actionpack-4.0.0/lib/action_dispatch/middleware/templates/rescues/_trace.erb (0.8ms)
  Rendered /Library/Ruby/Gems/2.0.0/gems/actionpack-4.0.0/lib/action_dispatch/middleware/templates/rescues/_request_and_response.erb (0.9ms)
  Rendered /Library/Ruby/Gems/2.0.0/gems/actionpack-4.0.0/lib/action_dispatch/middleware/templates/rescues/diagnostics.erb within rescues/layout (12.1ms)


Started GET "/subjects/new" for 127.0.0.1 at 2016-11-16 14:17:19 -0800
Processing by SubjectsController#new as HTML
  Rendered subjects/new.html.erb within layouts/application (7.7ms)
Completed 200 OK in 18ms (Views: 13.7ms | ActiveRecord: 0.4ms)


Started GET "/assets/application.css?body=1" for 127.0.0.1 at 2016-11-16 14:17:19 -0800


Started GET "/assets/courses.css?body=1" for 127.0.0.1 at 2016-11-16 14:17:19 -0800


Started GET "/assets/subjects.css?body=1" for 127.0.0.1 at 2016-11-16 14:17:19 -0800


Started GET "/assets/home.css?body=1" for 127.0.0.1 at 2016-11-16 14:17:19 -0800


Started GET "/assets/home.js?body=1" for 127.0.0.1 at 2016-11-16 14:17:19 -0800


Started GET "/assets/jquery_ujs.js?body=1" for 127.0.0.1 at 2016-11-16 14:17:19 -0800


Started GET "/assets/turbolinks.js?body=1" for 127.0.0.1 at 2016-11-16 14:17:19 -0800


Started GET "/assets/courses.js?body=1" for 127.0.0.1 at 2016-11-16 14:17:19 -0800


Started GET "/assets/jquery.js?body=1" for 127.0.0.1 at 2016-11-16 14:17:19 -0800


Started GET "/assets/subjects.js?body=1" for 127.0.0.1 at 2016-11-16 14:17:19 -0800


Started GET "/assets/application.js?body=1" for 127.0.0.1 at 2016-11-16 14:17:19 -0800


Started POST "/subjects/new" for 127.0.0.1 at 2016-11-16 14:17:23 -0800
Processing by SubjectsController#create as HTML
  Parameters: {"utf8"=>"✓", "authenticity_token"=>"2u3FEDdknU2WmqDS4gkFk0BRhW/lrW+kTslSdxxgEZQ=", "subject"=>{"name"=>"Math"}, "commit"=>"Create Subject"}
  [1m[36m (0.1ms)[0m  [1mbegin transaction[0m
  [1m[35mSQL (3.9ms)[0m  INSERT INTO "subjects" ("created_at", "name", "updated_at") VALUES (?, ?, ?)  [["created_at", Wed, 16 Nov 2016 22:17:23 UTC +00:00], ["name", "Math"], ["updated_at", Wed, 16 Nov 2016 22:17:23 UTC +00:00]]
  [1m[36m (0.6ms)[0m  [1mcommit transaction[0m
Completed 500 Internal Server Error in 36ms

NameError (undefined local variable or method `root' for #<SubjectsController:0x007f816c6b18a0>):
  app/controllers/subjects_controller.rb:15:in `create'


  Rendered /Library/Ruby/Gems/2.0.0/gems/actionpack-4.0.0/lib/action_dispatch/middleware/templates/rescues/_source.erb (0.5ms)
  Rendered /Library/Ruby/Gems/2.0.0/gems/actionpack-4.0.0/lib/action_dispatch/middleware/templates/rescues/_trace.erb (0.9ms)
  Rendered /Library/Ruby/Gems/2.0.0/gems/actionpack-4.0.0/lib/action_dispatch/middleware/templates/rescues/_request_and_response.erb (0.8ms)
  Rendered /Library/Ruby/Gems/2.0.0/gems/actionpack-4.0.0/lib/action_dispatch/middleware/templates/rescues/diagnostics.erb within rescues/layout (13.1ms)


Started POST "/subjects/new" for 127.0.0.1 at 2016-11-16 14:17:49 -0800
Processing by SubjectsController#create as HTML
  Parameters: {"utf8"=>"✓", "authenticity_token"=>"2u3FEDdknU2WmqDS4gkFk0BRhW/lrW+kTslSdxxgEZQ=", "subject"=>{"name"=>"Math"}, "commit"=>"Create Subject"}
  [1m[35m (0.1ms)[0m  begin transaction
  [1m[36mSQL (1.2ms)[0m  [1mINSERT INTO "subjects" ("created_at", "name", "updated_at") VALUES (?, ?, ?)[0m  [["created_at", Wed, 16 Nov 2016 22:17:49 UTC +00:00], ["name", "Math"], ["updated_at", Wed, 16 Nov 2016 22:17:49 UTC +00:00]]
  [1m[35m (1.4ms)[0m  commit transaction
Redirected to http://localhost:3000/
Completed 302 Found in 16ms (ActiveRecord: 3.3ms)


Started GET "/" for 127.0.0.1 at 2016-11-16 14:17:49 -0800
Processing by HomeController#index as HTML
  [1m[36mSubject Load (0.3ms)[0m  [1mSELECT "subjects".* FROM "subjects"[0m
  Rendered home/index.html.erb within layouts/application (3.1ms)
Completed 200 OK in 18ms (Views: 15.9ms | ActiveRecord: 0.3ms)


Started GET "/assets/application.css?body=1" for 127.0.0.1 at 2016-11-16 14:17:49 -0800


Started GET "/assets/courses.css?body=1" for 127.0.0.1 at 2016-11-16 14:17:49 -0800


Started GET "/assets/home.css?body=1" for 127.0.0.1 at 2016-11-16 14:17:49 -0800


Started GET "/assets/subjects.css?body=1" for 127.0.0.1 at 2016-11-16 14:17:49 -0800


Started GET "/assets/jquery.js?body=1" for 127.0.0.1 at 2016-11-16 14:17:49 -0800


Started GET "/assets/turbolinks.js?body=1" for 127.0.0.1 at 2016-11-16 14:17:49 -0800


Started GET "/assets/jquery_ujs.js?body=1" for 127.0.0.1 at 2016-11-16 14:17:49 -0800


Started GET "/assets/courses.js?body=1" for 127.0.0.1 at 2016-11-16 14:17:49 -0800


Started GET "/assets/home.js?body=1" for 127.0.0.1 at 2016-11-16 14:17:49 -0800


Started GET "/assets/application.js?body=1" for 127.0.0.1 at 2016-11-16 14:17:49 -0800


Started GET "/assets/subjects.js?body=1" for 127.0.0.1 at 2016-11-16 14:17:49 -0800
  [1m[36m (1.4ms)[0m  [1mCREATE TABLE "courses" ("id" INTEGER PRIMARY KEY AUTOINCREMENT NOT NULL, "created_at" datetime, "updated_at" datetime, "number" varchar(255), "description" text) [0m
  [1m[35m (1.2ms)[0m  CREATE TABLE "subjects" ("id" INTEGER PRIMARY KEY AUTOINCREMENT NOT NULL, "created_at" datetime, "updated_at" datetime, "name" varchar(255)) 
  [1m[36m (1.2ms)[0m  [1mCREATE TABLE "schema_migrations" ("version" varchar(255) NOT NULL) [0m
  [1m[35m (2.0ms)[0m  CREATE UNIQUE INDEX "unique_schema_migrations" ON "schema_migrations" ("version")
  [1m[36m (0.3ms)[0m  [1mSELECT version FROM "schema_migrations"[0m
  [1m[35m (0.9ms)[0m  INSERT INTO "schema_migrations" (version) VALUES ('20161116211007')
  [1m[36m (0.7ms)[0m  [1mINSERT INTO "schema_migrations" (version) VALUES ('20161116204433')[0m
  [1m[35m (0.7ms)[0m  INSERT INTO "schema_migrations" (version) VALUES ('20161116204511')
  [1m[36m (1.4ms)[0m  [1mINSERT INTO "schema_migrations" (version) VALUES ('20161116204838')[0m
  [1m[35m (2.0ms)[0m  INSERT INTO "schema_migrations" (version) VALUES ('20161116204911')
  [1m[36mActiveRecord::SchemaMigration Load (0.3ms)[0m  [1mSELECT "schema_migrations".* FROM "schema_migrations"[0m


Started GET "/" for 127.0.0.1 at 2016-11-16 14:19:56 -0800
Processing by HomeController#index as HTML
  [1m[35mSubject Load (0.2ms)[0m  SELECT "subjects".* FROM "subjects"
  Rendered home/index.html.erb within layouts/application (1.1ms)
Completed 200 OK in 10ms (Views: 5.8ms | ActiveRecord: 0.2ms)


Started GET "/assets/application.css?body=1" for 127.0.0.1 at 2016-11-16 14:19:56 -0800


Started GET "/assets/courses.css?body=1" for 127.0.0.1 at 2016-11-16 14:19:56 -0800


Started GET "/assets/home.css?body=1" for 127.0.0.1 at 2016-11-16 14:19:56 -0800


Started GET "/assets/jquery_ujs.js?body=1" for 127.0.0.1 at 2016-11-16 14:19:56 -0800


Started GET "/assets/jquery.js?body=1" for 127.0.0.1 at 2016-11-16 14:19:56 -0800


Started GET "/assets/subjects.css?body=1" for 127.0.0.1 at 2016-11-16 14:19:56 -0800


Started GET "/assets/turbolinks.js?body=1" for 127.0.0.1 at 2016-11-16 14:19:56 -0800


Started GET "/assets/courses.js?body=1" for 127.0.0.1 at 2016-11-16 14:19:56 -0800


Started GET "/assets/application.js?body=1" for 127.0.0.1 at 2016-11-16 14:19:56 -0800


Started GET "/assets/home.js?body=1" for 127.0.0.1 at 2016-11-16 14:19:56 -0800


Started GET "/assets/subjects.js?body=1" for 127.0.0.1 at 2016-11-16 14:19:56 -0800


Started GET "/subjects/new" for 127.0.0.1 at 2016-11-16 14:19:59 -0800
Processing by SubjectsController#new as HTML
  Rendered subjects/new.html.erb within layouts/application (10.3ms)
Completed 200 OK in 18ms (Views: 15.8ms | ActiveRecord: 0.3ms)


Started GET "/assets/courses.css?body=1" for 127.0.0.1 at 2016-11-16 14:19:59 -0800


Started GET "/assets/application.css?body=1" for 127.0.0.1 at 2016-11-16 14:19:59 -0800


Started GET "/assets/jquery_ujs.js?body=1" for 127.0.0.1 at 2016-11-16 14:19:59 -0800


Started GET "/assets/home.css?body=1" for 127.0.0.1 at 2016-11-16 14:19:59 -0800


Started GET "/assets/jquery.js?body=1" for 127.0.0.1 at 2016-11-16 14:19:59 -0800


Started GET "/assets/subjects.css?body=1" for 127.0.0.1 at 2016-11-16 14:19:59 -0800


Started GET "/assets/turbolinks.js?body=1" for 127.0.0.1 at 2016-11-16 14:19:59 -0800


Started GET "/assets/courses.js?body=1" for 127.0.0.1 at 2016-11-16 14:19:59 -0800


Started GET "/assets/home.js?body=1" for 127.0.0.1 at 2016-11-16 14:19:59 -0800


Started GET "/assets/subjects.js?body=1" for 127.0.0.1 at 2016-11-16 14:19:59 -0800


Started GET "/assets/application.js?body=1" for 127.0.0.1 at 2016-11-16 14:19:59 -0800


Started POST "/subjects/new" for 127.0.0.1 at 2016-11-16 14:20:02 -0800
Processing by SubjectsController#create as HTML
  Parameters: {"utf8"=>"✓", "authenticity_token"=>"2u3FEDdknU2WmqDS4gkFk0BRhW/lrW+kTslSdxxgEZQ=", "subject"=>{"name"=>"Math"}, "commit"=>"Create Subject"}
  [1m[36m (0.1ms)[0m  [1mbegin transaction[0m
  [1m[35mSubject Exists (0.2ms)[0m  SELECT 1 AS one FROM "subjects" WHERE "subjects"."name" = 'Math' LIMIT 1
  [1m[36mSQL (0.6ms)[0m  [1mINSERT INTO "subjects" ("created_at", "name", "updated_at") VALUES (?, ?, ?)[0m  [["created_at", Wed, 16 Nov 2016 22:20:02 UTC +00:00], ["name", "Math"], ["updated_at", Wed, 16 Nov 2016 22:20:02 UTC +00:00]]
  [1m[35m (0.6ms)[0m  commit transaction
Redirected to http://localhost:3000/
Completed 302 Found in 17ms (ActiveRecord: 1.5ms)


Started GET "/" for 127.0.0.1 at 2016-11-16 14:20:02 -0800
Processing by HomeController#index as HTML
  [1m[36mSubject Load (0.2ms)[0m  [1mSELECT "subjects".* FROM "subjects"[0m
  Rendered home/index.html.erb within layouts/application (2.4ms)
Completed 200 OK in 12ms (Views: 10.9ms | ActiveRecord: 0.2ms)


Started GET "/assets/application.css?body=1" for 127.0.0.1 at 2016-11-16 14:20:02 -0800


Started GET "/assets/courses.css?body=1" for 127.0.0.1 at 2016-11-16 14:20:02 -0800


Started GET "/assets/home.css?body=1" for 127.0.0.1 at 2016-11-16 14:20:02 -0800


Started GET "/assets/subjects.css?body=1" for 127.0.0.1 at 2016-11-16 14:20:02 -0800


Started GET "/assets/jquery.js?body=1" for 127.0.0.1 at 2016-11-16 14:20:02 -0800


Started GET "/assets/jquery_ujs.js?body=1" for 127.0.0.1 at 2016-11-16 14:20:02 -0800


Started GET "/assets/turbolinks.js?body=1" for 127.0.0.1 at 2016-11-16 14:20:02 -0800


Started GET "/assets/subjects.js?body=1" for 127.0.0.1 at 2016-11-16 14:20:02 -0800


Started GET "/assets/courses.js?body=1" for 127.0.0.1 at 2016-11-16 14:20:02 -0800


Started GET "/assets/home.js?body=1" for 127.0.0.1 at 2016-11-16 14:20:02 -0800


Started GET "/assets/application.js?body=1" for 127.0.0.1 at 2016-11-16 14:20:02 -0800


Started GET "/subjects/new" for 127.0.0.1 at 2016-11-16 14:20:03 -0800
Processing by SubjectsController#new as HTML
  Rendered subjects/new.html.erb within layouts/application (1.4ms)
Completed 200 OK in 7ms (Views: 6.3ms | ActiveRecord: 0.0ms)


Started GET "/assets/courses.css?body=1" for 127.0.0.1 at 2016-11-16 14:20:03 -0800


Started GET "/assets/application.css?body=1" for 127.0.0.1 at 2016-11-16 14:20:03 -0800


Started GET "/assets/turbolinks.js?body=1" for 127.0.0.1 at 2016-11-16 14:20:03 -0800


Started GET "/assets/home.css?body=1" for 127.0.0.1 at 2016-11-16 14:20:03 -0800


Started GET "/assets/courses.js?body=1" for 127.0.0.1 at 2016-11-16 14:20:03 -0800


Started GET "/assets/subjects.css?body=1" for 127.0.0.1 at 2016-11-16 14:20:03 -0800


Started GET "/assets/jquery.js?body=1" for 127.0.0.1 at 2016-11-16 14:20:03 -0800


Started GET "/assets/jquery_ujs.js?body=1" for 127.0.0.1 at 2016-11-16 14:20:03 -0800


Started GET "/assets/home.js?body=1" for 127.0.0.1 at 2016-11-16 14:20:03 -0800


Started GET "/assets/subjects.js?body=1" for 127.0.0.1 at 2016-11-16 14:20:03 -0800


Started GET "/assets/application.js?body=1" for 127.0.0.1 at 2016-11-16 14:20:03 -0800


Started POST "/subjects/new" for 127.0.0.1 at 2016-11-16 14:20:06 -0800
Processing by SubjectsController#create as HTML
  Parameters: {"utf8"=>"✓", "authenticity_token"=>"2u3FEDdknU2WmqDS4gkFk0BRhW/lrW+kTslSdxxgEZQ=", "subject"=>{"name"=>"Math"}, "commit"=>"Create Subject"}
  [1m[35m (0.1ms)[0m  begin transaction
  [1m[36mSubject Exists (0.1ms)[0m  [1mSELECT 1 AS one FROM "subjects" WHERE "subjects"."name" = 'Math' LIMIT 1[0m
  [1m[35m (0.1ms)[0m  rollback transaction
Redirected to http://localhost:3000/
Completed 302 Found in 6ms (ActiveRecord: 0.3ms)


Started GET "/" for 127.0.0.1 at 2016-11-16 14:20:06 -0800
Processing by HomeController#index as HTML
  [1m[36mSubject Load (0.2ms)[0m  [1mSELECT "subjects".* FROM "subjects"[0m
  Rendered home/index.html.erb within layouts/application (1.1ms)
Completed 200 OK in 8ms (Views: 7.1ms | ActiveRecord: 0.2ms)


Started GET "/assets/application.css?body=1" for 127.0.0.1 at 2016-11-16 14:20:06 -0800


Started GET "/assets/home.css?body=1" for 127.0.0.1 at 2016-11-16 14:20:06 -0800


Started GET "/assets/courses.css?body=1" for 127.0.0.1 at 2016-11-16 14:20:06 -0800


Started GET "/assets/jquery.js?body=1" for 127.0.0.1 at 2016-11-16 14:20:06 -0800


Started GET "/assets/subjects.css?body=1" for 127.0.0.1 at 2016-11-16 14:20:06 -0800


Started GET "/assets/courses.js?body=1" for 127.0.0.1 at 2016-11-16 14:20:06 -0800


Started GET "/assets/subjects.js?body=1" for 127.0.0.1 at 2016-11-16 14:20:06 -0800


Started GET "/assets/application.js?body=1" for 127.0.0.1 at 2016-11-16 14:20:06 -0800


Started GET "/assets/jquery_ujs.js?body=1" for 127.0.0.1 at 2016-11-16 14:20:06 -0800


Started GET "/assets/turbolinks.js?body=1" for 127.0.0.1 at 2016-11-16 14:20:06 -0800


Started GET "/assets/home.js?body=1" for 127.0.0.1 at 2016-11-16 14:20:06 -0800


Started GET "/math" for 127.0.0.1 at 2016-11-16 14:23:26 -0800

ActionController::RoutingError (No route matches [GET] "/math"):
  actionpack (4.0.0) lib/action_dispatch/middleware/debug_exceptions.rb:21:in `call'
  actionpack (4.0.0) lib/action_dispatch/middleware/show_exceptions.rb:30:in `call'
  railties (4.0.0) lib/rails/rack/logger.rb:38:in `call_app'
  railties (4.0.0) lib/rails/rack/logger.rb:21:in `block in call'
  activesupport (4.0.0) lib/active_support/tagged_logging.rb:67:in `block in tagged'
  activesupport (4.0.0) lib/active_support/tagged_logging.rb:25:in `tagged'
  activesupport (4.0.0) lib/active_support/tagged_logging.rb:67:in `tagged'
  railties (4.0.0) lib/rails/rack/logger.rb:21:in `call'
  actionpack (4.0.0) lib/action_dispatch/middleware/request_id.rb:21:in `call'
  rack (1.5.5) lib/rack/methodoverride.rb:21:in `call'
  rack (1.5.5) lib/rack/runtime.rb:17:in `call'
  activesupport (4.0.0) lib/active_support/cache/strategy/local_cache.rb:83:in `call'
  rack (1.5.5) lib/rack/lock.rb:17:in `call'
  actionpack (4.0.0) lib/action_dispatch/middleware/static.rb:64:in `call'
  railties (4.0.0) lib/rails/engine.rb:511:in `call'
  railties (4.0.0) lib/rails/application.rb:97:in `call'
  rack (1.5.5) lib/rack/lock.rb:17:in `call'
  rack (1.5.5) lib/rack/content_length.rb:14:in `call'
  rack (1.5.5) lib/rack/handler/webrick.rb:60:in `service'
  /System/Library/Frameworks/Ruby.framework/Versions/2.0/usr/lib/ruby/2.0.0/webrick/httpserver.rb:138:in `service'
  /System/Library/Frameworks/Ruby.framework/Versions/2.0/usr/lib/ruby/2.0.0/webrick/httpserver.rb:94:in `run'
  /System/Library/Frameworks/Ruby.framework/Versions/2.0/usr/lib/ruby/2.0.0/webrick/server.rb:295:in `block in start_thread'


  Rendered /Library/Ruby/Gems/2.0.0/gems/actionpack-4.0.0/lib/action_dispatch/middleware/templates/rescues/_trace.erb (0.9ms)
  Rendered /Library/Ruby/Gems/2.0.0/gems/actionpack-4.0.0/lib/action_dispatch/middleware/templates/routes/_route.html.erb (0.6ms)
  Rendered /Library/Ruby/Gems/2.0.0/gems/actionpack-4.0.0/lib/action_dispatch/middleware/templates/routes/_table.html.erb (1.7ms)
  Rendered /Library/Ruby/Gems/2.0.0/gems/actionpack-4.0.0/lib/action_dispatch/middleware/templates/rescues/routing_error.erb within rescues/layout (16.4ms)


Started GET "/subjects" for 127.0.0.1 at 2016-11-16 14:23:43 -0800

ActionController::RoutingError (No route matches [GET] "/subjects"):
  actionpack (4.0.0) lib/action_dispatch/middleware/debug_exceptions.rb:21:in `call'
  actionpack (4.0.0) lib/action_dispatch/middleware/show_exceptions.rb:30:in `call'
  railties (4.0.0) lib/rails/rack/logger.rb:38:in `call_app'
  railties (4.0.0) lib/rails/rack/logger.rb:21:in `block in call'
  activesupport (4.0.0) lib/active_support/tagged_logging.rb:67:in `block in tagged'
  activesupport (4.0.0) lib/active_support/tagged_logging.rb:25:in `tagged'
  activesupport (4.0.0) lib/active_support/tagged_logging.rb:67:in `tagged'
  railties (4.0.0) lib/rails/rack/logger.rb:21:in `call'
  actionpack (4.0.0) lib/action_dispatch/middleware/request_id.rb:21:in `call'
  rack (1.5.5) lib/rack/methodoverride.rb:21:in `call'
  rack (1.5.5) lib/rack/runtime.rb:17:in `call'
  activesupport (4.0.0) lib/active_support/cache/strategy/local_cache.rb:83:in `call'
  rack (1.5.5) lib/rack/lock.rb:17:in `call'
  actionpack (4.0.0) lib/action_dispatch/middleware/static.rb:64:in `call'
  railties (4.0.0) lib/rails/engine.rb:511:in `call'
  railties (4.0.0) lib/rails/application.rb:97:in `call'
  rack (1.5.5) lib/rack/lock.rb:17:in `call'
  rack (1.5.5) lib/rack/content_length.rb:14:in `call'
  rack (1.5.5) lib/rack/handler/webrick.rb:60:in `service'
  /System/Library/Frameworks/Ruby.framework/Versions/2.0/usr/lib/ruby/2.0.0/webrick/httpserver.rb:138:in `service'
  /System/Library/Frameworks/Ruby.framework/Versions/2.0/usr/lib/ruby/2.0.0/webrick/httpserver.rb:94:in `run'
  /System/Library/Frameworks/Ruby.framework/Versions/2.0/usr/lib/ruby/2.0.0/webrick/server.rb:295:in `block in start_thread'


  Rendered /Library/Ruby/Gems/2.0.0/gems/actionpack-4.0.0/lib/action_dispatch/middleware/templates/rescues/_trace.erb (0.9ms)
  Rendered /Library/Ruby/Gems/2.0.0/gems/actionpack-4.0.0/lib/action_dispatch/middleware/templates/routes/_route.html.erb (0.6ms)
  Rendered /Library/Ruby/Gems/2.0.0/gems/actionpack-4.0.0/lib/action_dispatch/middleware/templates/routes/_table.html.erb (20.0ms)
  Rendered /Library/Ruby/Gems/2.0.0/gems/actionpack-4.0.0/lib/action_dispatch/middleware/templates/rescues/routing_error.erb within rescues/layout (31.1ms)


Started GET "/subjects" for 127.0.0.1 at 2016-11-16 14:26:57 -0800

ActionController::RoutingError (No route matches [GET] "/subjects"):
  actionpack (4.0.0) lib/action_dispatch/middleware/debug_exceptions.rb:21:in `call'
  actionpack (4.0.0) lib/action_dispatch/middleware/show_exceptions.rb:30:in `call'
  railties (4.0.0) lib/rails/rack/logger.rb:38:in `call_app'
  railties (4.0.0) lib/rails/rack/logger.rb:21:in `block in call'
  activesupport (4.0.0) lib/active_support/tagged_logging.rb:67:in `block in tagged'
  activesupport (4.0.0) lib/active_support/tagged_logging.rb:25:in `tagged'
  activesupport (4.0.0) lib/active_support/tagged_logging.rb:67:in `tagged'
  railties (4.0.0) lib/rails/rack/logger.rb:21:in `call'
  actionpack (4.0.0) lib/action_dispatch/middleware/request_id.rb:21:in `call'
  rack (1.5.5) lib/rack/methodoverride.rb:21:in `call'
  rack (1.5.5) lib/rack/runtime.rb:17:in `call'
  activesupport (4.0.0) lib/active_support/cache/strategy/local_cache.rb:83:in `call'
  rack (1.5.5) lib/rack/lock.rb:17:in `call'
  actionpack (4.0.0) lib/action_dispatch/middleware/static.rb:64:in `call'
  railties (4.0.0) lib/rails/engine.rb:511:in `call'
  railties (4.0.0) lib/rails/application.rb:97:in `call'
  rack (1.5.5) lib/rack/lock.rb:17:in `call'
  rack (1.5.5) lib/rack/content_length.rb:14:in `call'
  rack (1.5.5) lib/rack/handler/webrick.rb:60:in `service'
  /System/Library/Frameworks/Ruby.framework/Versions/2.0/usr/lib/ruby/2.0.0/webrick/httpserver.rb:138:in `service'
  /System/Library/Frameworks/Ruby.framework/Versions/2.0/usr/lib/ruby/2.0.0/webrick/httpserver.rb:94:in `run'
  /System/Library/Frameworks/Ruby.framework/Versions/2.0/usr/lib/ruby/2.0.0/webrick/server.rb:295:in `block in start_thread'


  Rendered /Library/Ruby/Gems/2.0.0/gems/actionpack-4.0.0/lib/action_dispatch/middleware/templates/rescues/_trace.erb (1.1ms)
  Rendered /Library/Ruby/Gems/2.0.0/gems/actionpack-4.0.0/lib/action_dispatch/middleware/templates/routes/_route.html.erb (0.9ms)
  Rendered /Library/Ruby/Gems/2.0.0/gems/actionpack-4.0.0/lib/action_dispatch/middleware/templates/routes/_table.html.erb (1.1ms)
  Rendered /Library/Ruby/Gems/2.0.0/gems/actionpack-4.0.0/lib/action_dispatch/middleware/templates/rescues/routing_error.erb within rescues/layout (14.4ms)


Started GET "/subjects/1" for 127.0.0.1 at 2016-11-16 14:27:03 -0800
Processing by SubjectsController#show as HTML
  Parameters: {"id"=>"1"}
  [1m[35mSubject Load (0.1ms)[0m  SELECT "subjects".* FROM "subjects" WHERE "subjects"."id" = ? LIMIT 1  [["id", "1"]]
  [1m[36mCourse Load (0.2ms)[0m  [1mSELECT "courses".* FROM "courses" WHERE "courses"."subject_id" = ?[0m  [[nil, 1]]
SQLite3::SQLException: no such column: courses.subject_id: SELECT "courses".* FROM "courses"  WHERE "courses"."subject_id" = ?
  Rendered subjects/show.html.erb within layouts/application (14.1ms)
Completed 500 Internal Server Error in 27ms

ActionView::Template::Error (SQLite3::SQLException: no such column: courses.subject_id: SELECT "courses".* FROM "courses"  WHERE "courses"."subject_id" = ?):
    2: 
    3: <p>Name: <%= @subject.name if @subject.name %></p>
    4: 
    5: <p>Courses: <% @subject.courses.each do |c| %>
    6:     <li>
    7:         Number: <%= c.number %>
    8:         Description: <%= c.description %>
  app/views/subjects/show.html.erb:5:in `_app_views_subjects_show_html_erb__1029758592396929796_70096913773320'


  Rendered /Library/Ruby/Gems/2.0.0/gems/actionpack-4.0.0/lib/action_dispatch/middleware/templates/rescues/_trace.erb (0.9ms)
  Rendered /Library/Ruby/Gems/2.0.0/gems/actionpack-4.0.0/lib/action_dispatch/middleware/templates/rescues/_request_and_response.erb (0.7ms)
  Rendered /Library/Ruby/Gems/2.0.0/gems/actionpack-4.0.0/lib/action_dispatch/middleware/templates/rescues/template_error.erb within rescues/layout (7.9ms)
